2014-08-20 23:09:45.207 wanderr[10406:70b] Multi-tasking -> Device: YES, App: YES
2014-08-20 23:09:45.234 wanderr[10406:70b] Unlimited access to network resources
2014-08-20 23:09:45.239 wanderr[10406:70b] 

Started backup to iCloud! Please be careful.
Your application might rejected by Apple if you store too much data.
For more information please read "iOS Data Storage Guidelines"
You could find it at the following address https://developer.apple.com/icloud/documentation/data-storage/ .

2014-08-20 23:09:45.574 wanderr[10406:70b] CDVPlugin class CDVStatusBar (pluginName: statusbar) does not exist.
2014-08-20 23:09:45.574 wanderr[10406:70b] [CDVTimer][statusbar] 0.539005ms
2014-08-20 23:09:45.575 wanderr[10406:70b] [CDVTimer][TotalPluginStartup] 1.179993ms
2014-08-20 23:09:45.747 wanderr[10406:70b] Resetting plugins due to page load.
2014-08-20 23:09:46.355 wanderr[10406:70b] Finished load of: file:///Users/eytananjel/Library/Application%20Support/iPhone%20Simulator/7.1/Applications/8AC1B814-0CAC-4B75-AAA6-FA9815697521/wanderr.app/www/index.html#/sign-in
2014-08-20 23:09:46.706 wanderr[10406:70b] CDVPlugin class CDVStatusBar (pluginName: StatusBar) does not exist.
2014-08-20 23:09:46.706 wanderr[10406:70b] ERROR: Plugin 'StatusBar' not found, or is not a CDVPlugin. Check your plugin mapping in config.xml.
2014-08-20 23:09:46.707 wanderr[10406:70b] -[CDVCommandQueue executePending] [Line 158] FAILED pluginJSON = [
  "INVALID",
  "StatusBar",
  "_ready",
  [

  ]
]
2014-08-20 23:09:46.707 wanderr[10406:70b] CDVPlugin class CDVDevice (pluginName: Device) does not exist.
2014-08-20 23:09:46.707 wanderr[10406:70b] ERROR: Plugin 'Device' not found, or is not a CDVPlugin. Check your plugin mapping in config.xml.
2014-08-20 23:09:46.708 wanderr[10406:70b] -[CDVCommandQueue executePending] [Line 158] FAILED pluginJSON = [
  "Device1610940408",
  "Device",
  "getDeviceInfo",
  [

  ]
]
2014-08-20 23:09:47.410 wanderr[10406:70b] CDVPlugin class CDVInAppBrowser (pluginName: InAppBrowser) does not exist.
2014-08-20 23:09:47.410 wanderr[10406:70b] ERROR: Plugin 'InAppBrowser' not found, or is not a CDVPlugin. Check your plugin mapping in config.xml.
2014-08-20 23:09:47.410 wanderr[10406:70b] -[CDVCommandQueue executePending] [Line 158] FAILED pluginJSON = [
  "InAppBrowser1610940409",
  "InAppBrowser",
  "open",
  [
    "https:\/\/auth.firebase.com\/auth\/facebook?firebase=resplendent-fire-4008&v=1.6.2&transport=internal-redirect-hash",
    "blank",
    "location=no"
  ]
]
2014-08-20 23:09:49.829 wanderr[10406:70b] CDVPlugin class CDVInAppBrowser (pluginName: InAppBrowser) does not exist.
2014-08-20 23:09:49.829 wanderr[10406:70b] ERROR: Plugin 'InAppBrowser' not found, or is not a CDVPlugin. Check your plugin mapping in config.xml.
2014-08-20 23:09:49.829 wanderr[10406:70b] -[CDVCommandQueue executePending] [Line 158] FAILED pluginJSON = [
  "InAppBrowser1610940410",
  "InAppBrowser",
  "open",
  [
    "https:\/\/auth.firebase.com\/auth\/facebook?firebase=resplendent-fire-4008&v=1.6.2&transport=internal-redirect-hash",
    "blank",
    "location=no"
  ]
]
2014-08-20 23:09:54.556 wanderr[10406:70b] CDVPlugin class CDVInAppBrowser (pluginName: InAppBrowser) does not exist.
2014-08-20 23:09:54.556 wanderr[10406:70b] ERROR: Plugin 'InAppBrowser' not found, or is not a CDVPlugin. Check your plugin mapping in config.xml.
2014-08-20 23:09:54.556 wanderr[10406:70b] -[CDVCommandQueue executePending] [Line 158] FAILED pluginJSON = [
  "InAppBrowser1610940411",
  "InAppBrowser",
  "open",
  [
    "https:\/\/auth.firebase.com\/auth\/facebook?firebase=resplendent-fire-4008&v=1.6.2&transport=internal-redirect-hash",
    "blank",
    "location=no"
  ]
]
2014-08-20 23:10:33.564 wanderr[10406:70b] CDVPlugin class CDVInAppBrowser (pluginName: InAppBrowser) does not exist.
2014-08-20 23:10:33.565 wanderr[10406:70b] ERROR: Plugin 'InAppBrowser' not found, or is not a CDVPlugin. Check your plugin mapping in config.xml.
2014-08-20 23:10:33.565 wanderr[10406:70b] -[CDVCommandQueue executePending] [Line 158] FAILED pluginJSON = [
  "InAppBrowser1610940412",
  "InAppBrowser",
  "open",
  [
    "https:\/\/auth.firebase.com\/auth\/facebook?firebase=resplendent-fire-4008&v=1.6.2&transport=internal-redirect-hash",
    "blank",
    "location=no"
  ]
]
2014-08-20 23:10:36.375 wanderr[10406:70b] CDVPlugin class CDVInAppBrowser (pluginName: InAppBrowser) does not exist.
2014-08-20 23:10:36.375 wanderr[10406:70b] ERROR: Plugin 'InAppBrowser' not found, or is not a CDVPlugin. Check your plugin mapping in config.xml.
2014-08-20 23:10:36.376 wanderr[10406:70b] -[CDVCommandQueue executePending] [Line 158] FAILED pluginJSON = [
  "InAppBrowser1610940413",
  "InAppBrowser",
  "open",
  [
    "https:\/\/auth.firebase.com\/auth\/facebook?firebase=resplendent-fire-4008&v=1.6.2&transport=internal-redirect-hash",
    "blank",
    "location=no"
  ]
]
2014-08-20 23:10:39.913 wanderr[10406:70b] CDVPlugin class CDVInAppBrowser (pluginName: InAppBrowser) does not exist.
2014-08-20 23:10:39.913 wanderr[10406:70b] ERROR: Plugin 'InAppBrowser' not found, or is not a CDVPlugin. Check your plugin mapping in config.xml.
2014-08-20 23:10:39.914 wanderr[10406:70b] -[CDVCommandQueue executePending] [Line 158] FAILED pluginJSON = [
  "InAppBrowser1610940414",
  "InAppBrowser",
  "open",
  [
    "https:\/\/auth.firebase.com\/auth\/facebook?firebase=resplendent-fire-4008&v=1.6.2&transport=internal-redirect-hash",
    "blank",
    "location=no"
  ]
]
2014-08-20 23:10:40.337 wanderr[10406:70b] CDVPlugin class CDVInAppBrowser (pluginName: InAppBrowser) does not exist.
2014-08-20 23:10:40.337 wanderr[10406:70b] ERROR: Plugin 'InAppBrowser' not found, or is not a CDVPlugin. Check your plugin mapping in config.xml.
2014-08-20 23:10:40.337 wanderr[10406:70b] -[CDVCommandQueue executePending] [Line 158] FAILED pluginJSON = [
  "InAppBrowser1610940415",
  "InAppBrowser",
  "open",
  [
    "https:\/\/auth.firebase.com\/auth\/facebook?firebase=resplendent-fire-4008&v=1.6.2&transport=internal-redirect-hash",
    "blank",
    "location=no"
  ]
]
2014-08-20 23:10:40.520 wanderr[10406:70b] CDVPlugin class CDVInAppBrowser (pluginName: InAppBrowser) does not exist.
2014-08-20 23:10:40.520 wanderr[10406:70b] ERROR: Plugin 'InAppBrowser' not found, or is not a CDVPlugin. Check your plugin mapping in config.xml.
2014-08-20 23:10:40.521 wanderr[10406:70b] -[CDVCommandQueue executePending] [Line 158] FAILED pluginJSON = [
  "InAppBrowser1610940416",
  "InAppBrowser",
  "open",
  [
    "https:\/\/auth.firebase.com\/auth\/facebook?firebase=resplendent-fire-4008&v=1.6.2&transport=internal-redirect-hash",
    "blank",
    "location=no"
  ]
]
2014-08-20 23:10:40.723 wanderr[10406:70b] CDVPlugin class CDVInAppBrowser (pluginName: InAppBrowser) does not exist.
2014-08-20 23:10:40.723 wanderr[10406:70b] ERROR: Plugin 'InAppBrowser' not found, or is not a CDVPlugin. Check your plugin mapping in config.xml.
2014-08-20 23:10:40.723 wanderr[10406:70b] -[CDVCommandQueue executePending] [Line 158] FAILED pluginJSON = [
  "InAppBrowser1610940417",
  "InAppBrowser",
  "open",
  [
    "https:\/\/auth.firebase.com\/auth\/facebook?firebase=resplendent-fire-4008&v=1.6.2&transport=internal-redirect-hash",
    "blank",
    "location=no"
  ]
]
2014-08-20 23:11:47.414 wanderr[10406:70b] CDVPlugin class CDVInAppBrowser (pluginName: InAppBrowser) does not exist.
2014-08-20 23:11:47.415 wanderr[10406:70b] ERROR: Plugin 'InAppBrowser' not found, or is not a CDVPlugin. Check your plugin mapping in config.xml.
2014-08-20 23:11:47.415 wanderr[10406:70b] -[CDVCommandQueue executePending] [Line 158] FAILED pluginJSON = [
  "INVALID",
  "InAppBrowser",
  "close",
  [

  ]
]
2014-08-20 23:11:49.833 wanderr[10406:70b] CDVPlugin class CDVInAppBrowser (pluginName: InAppBrowser) does not exist.
2014-08-20 23:11:49.833 wanderr[10406:70b] ERROR: Plugin 'InAppBrowser' not found, or is not a CDVPlugin. Check your plugin mapping in config.xml.
2014-08-20 23:11:49.833 wanderr[10406:70b] -[CDVCommandQueue executePending] [Line 158] FAILED pluginJSON = [
  "INVALID",
  "InAppBrowser",
  "close",
  [

  ]
]
2014-08-20 23:12:03.267 wanderr[10720:70b] Multi-tasking -> Device: YES, App: YES
2014-08-20 23:12:03.276 wanderr[10720:70b] Unlimited access to network resources
2014-08-20 23:12:03.279 wanderr[10720:70b] 

Started backup to iCloud! Please be careful.
Your application might rejected by Apple if you store too much data.
For more information please read "iOS Data Storage Guidelines"
You could find it at the following address https://developer.apple.com/icloud/documentation/data-storage/ .

2014-08-20 23:12:03.297 wanderr[10720:70b] CDVPlugin class CDVStatusBar (pluginName: statusbar) does not exist.
2014-08-20 23:12:03.298 wanderr[10720:70b] [CDVTimer][statusbar] 0.500977ms
2014-08-20 23:12:03.298 wanderr[10720:70b] [CDVTimer][TotalPluginStartup] 0.892997ms
2014-08-20 23:12:03.434 wanderr[10720:70b] Resetting plugins due to page load.
2014-08-20 23:12:03.832 wanderr[10720:70b] Finished load of: file:///Users/eytananjel/Library/Application%20Support/iPhone%20Simulator/7.1/Applications/8AC1B814-0CAC-4B75-AAA6-FA9815697521/wanderr.app/www/index.html#/sign-in
2014-08-20 23:12:03.994 wanderr[10720:70b] CDVPlugin class CDVStatusBar (pluginName: StatusBar) does not exist.
2014-08-20 23:12:03.995 wanderr[10720:70b] ERROR: Plugin 'StatusBar' not found, or is not a CDVPlugin. Check your plugin mapping in config.xml.
2014-08-20 23:12:03.995 wanderr[10720:70b] -[CDVCommandQueue executePending] [Line 158] FAILED pluginJSON = [
  "INVALID",
  "StatusBar",
  "_ready",
  [

  ]
]
2014-08-20 23:12:03.996 wanderr[10720:70b] CDVPlugin class CDVDevice (pluginName: Device) does not exist.
2014-08-20 23:12:03.996 wanderr[10720:70b] ERROR: Plugin 'Device' not found, or is not a CDVPlugin. Check your plugin mapping in config.xml.
2014-08-20 23:12:03.996 wanderr[10720:70b] -[CDVCommandQueue executePending] [Line 158] FAILED pluginJSON = [
  "Device735949497",
  "Device",
  "getDeviceInfo",
  [

  ]
]
2014-08-20 23:12:07.786 wanderr[10720:70b] CDVPlugin class CDVInAppBrowser (pluginName: InAppBrowser) does not exist.
2014-08-20 23:12:07.786 wanderr[10720:70b] ERROR: Plugin 'InAppBrowser' not found, or is not a CDVPlugin. Check your plugin mapping in config.xml.
2014-08-20 23:12:07.786 wanderr[10720:70b] -[CDVCommandQueue executePending] [Line 158] FAILED pluginJSON = [
  "InAppBrowser735949498",
  "InAppBrowser",
  "open",
  [
    "https:\/\/auth.firebase.com\/auth\/facebook?firebase=resplendent-fire-4008&v=1.6.2&transport=internal-redirect-hash",
    "blank",
    "location=no"
  ]
]
2014-08-20 23:14:07.839 wanderr[10720:70b] CDVPlugin class CDVInAppBrowser (pluginName: InAppBrowser) does not exist.
2014-08-20 23:14:07.840 wanderr[10720:70b] ERROR: Plugin 'InAppBrowser' not found, or is not a CDVPlugin. Check your plugin mapping in config.xml.
2014-08-20 23:14:07.840 wanderr[10720:70b] -[CDVCommandQueue executePending] [Line 158] FAILED pluginJSON = [
  "INVALID",
  "InAppBrowser",
  "close",
  [

  ]
]
